<?xml version="1.0" encoding="UTF-8" ?>
<testsuite errors="0" failures="1" hostname="macbook-dev.local" name="ssmithstone.MyControllerIntegrationTests" tests="2" time="0.264" timestamp="2010-01-08T18:53:06">
  <properties />
  <testcase classname="ssmithstone.MyControllerIntegrationTests" name="testJSONResponseForList" time="0.21" />
  <testcase classname="ssmithstone.MyControllerIntegrationTests" name="testJSONResponseForInfo" time="0.023">
    <failure message="expected:&lt;[{&quot;success&quot;:true}]&gt; but was:&lt;[]&gt;" type="junit.framework.ComparisonFailure">junit.framework.ComparisonFailure: expected:&lt;[{&quot;success&quot;:true}]&gt; but was:&lt;[]&gt;
	at ssmithstone.MyControllerIntegrationTests.testJSONResponseForInfo(MyControllerIntegrationTests.groovy:35)
	at _GrailsTest_groovy$_run_closure4.doCall(_GrailsTest_groovy:203)
	at _GrailsTest_groovy$_run_closure4.call(_GrailsTest_groovy)
	at _GrailsTest_groovy$_run_closure2.doCall(_GrailsTest_groovy:147)
	at _GrailsTest_groovy$_run_closure1_closure19.doCall(_GrailsTest_groovy:113)
	at _GrailsTest_groovy$_run_closure1.doCall(_GrailsTest_groovy:96)
	at TestApp$_run_closure1.doCall(TestApp.groovy:66)
	at gant.Gant$_dispatch_closure4.doCall(Gant.groovy:324)
	at gant.Gant$_dispatch_closure6.doCall(Gant.groovy:334)
	at gant.Gant$_dispatch_closure6.doCall(Gant.groovy)
	at gant.Gant.withBuildListeners(Gant.groovy:344)
	at gant.Gant.this$2$withBuildListeners(Gant.groovy)
	at gant.Gant$this$2$withBuildListeners.callCurrent(Unknown Source)
	at gant.Gant.dispatch(Gant.groovy:334)
	at gant.Gant.this$2$dispatch(Gant.groovy)
	at gant.Gant.invokeMethod(Gant.groovy)
	at gant.Gant.processTargets(Gant.groovy:495)
	at gant.Gant.processTargets(Gant.groovy:480)
</failure>
  </testcase>
  <system-out><![CDATA[--Output from testJSONResponseForList--
--Output from testJSONResponseForInfo--
]]></system-out>
  <system-err><![CDATA[--Output from testJSONResponseForList--
--Output from testJSONResponseForInfo--
]]></system-err>
</testsuite>
